#
# There is insufficient memory for the Java Runtime Environment to continue.
# Native memory allocation (malloc) failed to allocate 46137344 bytes for committing reserved memory.
# Possible reasons:
#   The system is out of physical RAM or swap space
#   In 32 bit mode, the process size limit was hit
# Possible solutions:
#   Reduce memory load on the system
#   Increase physical memory or swap space
#   Check if swap backing store is full
#   Use 64 bit Java on a 64 bit OS
#   Decrease Java heap size (-Xmx/-Xms)
#   Decrease number of Java threads
#   Decrease Java thread stack sizes (-Xss)
#   Set larger code cache with -XX:ReservedCodeCacheSize=
# This output file may be truncated or incomplete.
#
#  Out of Memory Error (os_linux.cpp:2827), pid=5331, tid=140405718796032
#
# JRE version: OpenJDK Runtime Environment (7.0_91-b02) (build 1.7.0_91-b02)
# Java VM: OpenJDK 64-Bit Server VM (24.91-b01 mixed mode linux-amd64 compressed oops)
# Derivative: IcedTea 2.6.3
# Distribution: Ubuntu 14.04 LTS, package 7u91-2.6.3-0ubuntu0.14.04.1
# Failed to write core dump. Core dumps have been disabled. To enable core dumping, try "ulimit -c unlimited" before starting Java again
#

---------------  T H R E A D  ---------------

Current thread (0x00007fb2bc076000):  VMThread [stack: 0x00007fb2c0ee4000,0x00007fb2c0fe5000] [id=5368]

Stack: [0x00007fb2c0ee4000,0x00007fb2c0fe5000],  sp=0x00007fb2c0fe3490,  free space=1021k
Native frames: (J=compiled Java code, j=interpreted, Vv=VM code, C=native code)
V  [libjvm.so+0x953e15]  VMError::report_and_die()+0x175
V  [libjvm.so+0x48fd94]  report_vm_out_of_memory(char const*, int, unsigned long, char const*)+0x74
V  [libjvm.so+0x7cf87b]  os::pd_commit_memory(char*, unsigned long, unsigned long, bool)+0xeb
V  [libjvm.so+0x7ca33f]  os::commit_memory(char*, unsigned long, unsigned long, bool)+0x1f
V  [libjvm.so+0x83dacb]  PSVirtualSpace::expand_by(unsigned long)+0x5b
V  [libjvm.so+0x83e930]  PSYoungGen::resize_generation(unsigned long, unsigned long)+0xb0
V  [libjvm.so+0x83f01b]  PSYoungGen::resize(unsigned long, unsigned long)+0x1b
V  [libjvm.so+0x83b258]  PSScavenge::invoke_no_policy()+0xd68
V  [libjvm.so+0x83bac8]  PSScavenge::invoke()+0x38
V  [libjvm.so+0x7f2083]  ParallelScavengeHeap::failed_mem_allocate(unsigned long)+0x63
V  [libjvm.so+0x955814]  VM_ParallelGCFailedAllocation::doit()+0x84
V  [libjvm.so+0x959917]  VM_Operation::evaluate()+0x47
V  [libjvm.so+0x9583d8]  VMThread::evaluate_operation(VM_Operation*)+0x318
V  [libjvm.so+0x958839]  VMThread::loop()+0x219
V  [libjvm.so+0x958c82]  VMThread::run()+0x72
V  [libjvm.so+0x7cc742]  java_start(Thread*)+0xf2

VM_Operation (0x00007fb2a9485f90): ParallelGCFailedAllocation, mode: safepoint, requested by thread 0x00007fb2bc0f4800


---------------  P R O C E S S  ---------------

Java Threads: ( => current thread )
  0x00007fb2bc147000 JavaThread "pool-1-thread-4" [_thread_blocked, id=5419, stack(0x00007fb2a9185000,0x00007fb2a9286000)]
  0x00007fb2bc0f6800 JavaThread "pool-1-thread-3" [_thread_blocked, id=5417, stack(0x00007fb2a9286000,0x00007fb2a9387000)]
  0x00007fb2bc0f4800 JavaThread "pool-1-thread-2" [_thread_blocked, id=5405, stack(0x00007fb2a9387000,0x00007fb2a9488000)]
  0x00007fb2bc0f4000 JavaThread "pool-2-thread-1" [_thread_blocked, id=5403, stack(0x00007fb2a9488000,0x00007fb2a9589000)]
  0x00007fb2bc0f2000 JavaThread "pool-1-thread-1" [_thread_blocked, id=5402, stack(0x00007fb2a9589000,0x00007fb2a968a000)]
  0x00007fb2bc0b1800 JavaThread "Service Thread" daemon [_thread_blocked, id=5395, stack(0x00007fb2c05d5000,0x00007fb2c06d6000)]
  0x00007fb2bc0af000 JavaThread "C2 CompilerThread1" daemon [_thread_blocked, id=5392, stack(0x00007fb2c06d6000,0x00007fb2c07d7000)]
  0x00007fb2bc0ac000 JavaThread "C2 CompilerThread0" daemon [_thread_blocked, id=5385, stack(0x00007fb2c07d7000,0x00007fb2c08d8000)]
  0x00007fb2bc0aa000 JavaThread "Signal Dispatcher" daemon [_thread_blocked, id=5382, stack(0x00007fb2c08d8000,0x00007fb2c09d9000)]
  0x00007fb2bc07c800 JavaThread "Finalizer" daemon [_thread_blocked, id=5378, stack(0x00007fb2c0ce2000,0x00007fb2c0de3000)]
  0x00007fb2bc07a800 JavaThread "Reference Handler" daemon [_thread_blocked, id=5375, stack(0x00007fb2c0de3000,0x00007fb2c0ee4000)]
  0x00007fb2bc00a800 JavaThread "main" [_thread_blocked, id=5348, stack(0x00007fb2c60a7000,0x00007fb2c61a8000)]

Other Threads:
=>0x00007fb2bc076000 VMThread [stack: 0x00007fb2c0ee4000,0x00007fb2c0fe5000] [id=5368]
  0x00007fb2bc0b4000 WatcherThread [stack: 0x00007fb2c04d4000,0x00007fb2c05d5000] [id=5397]

VM state:at safepoint (normal execution)

VM Mutex/Monitor currently owned by a thread:  ([mutex/lock_event])
[0x00007fb2bc006b40] Threads_lock - owner thread: 0x00007fb2bc076000
[0x00007fb2bc007040] Heap_lock - owner thread: 0x00007fb2bc0f4800

Heap
 PSYoungGen      total 34304K, used 2560K [0x00000000eaa80000, 0x00000000ece80000, 0x0000000100000000)
  eden space 31744K, 0% used [0x00000000eaa80000,0x00000000eaa80000,0x00000000ec980000)
  from space 2560K, 100% used [0x00000000ec980000,0x00000000ecc00000,0x00000000ecc00000)
  to   space 2560K, 0% used [0x00000000ecc00000,0x00000000ecc00000,0x00000000ece80000)
 ParOldGen       total 40960K, used 12793K [0x00000000c0000000, 0x00000000c2800000, 0x00000000eaa80000)
  object space 40960K, 31% used [0x00000000c0000000,0x00000000c0c7e540,0x00000000c2800000)
 PSPermGen       total 21504K, used 6168K [0x00000000b5a00000, 0x00000000b6f00000, 0x00000000c0000000)
  object space 21504K, 28% used [0x00000000b5a00000,0x00000000b6006228,0x00000000b6f00000)

Card table byte_map: [0x00007fb2c2a8d000,0x00007fb2c2ce1000] byte_map_base: 0x00007fb2c24e0000

Polling page: 0x00007fb2c61ca000

Code Cache  [0x00007fb2b9000000, 0x00007fb2b9270000, 0x00007fb2bc000000)
 total_blobs=449 nmethods=217 adapters=183 free_code_cache=48300Kb largest_free_block=49432512

Compilation events (10 events):
Event: 17.778 Thread 0x00007fb2bc0af000 nmethod 215 0x00007fb2b90bc550 code [0x00007fb2b90bc680, 0x00007fb2b90bc6d8]
Event: 17.778 Thread 0x00007fb2bc0af000  216             com.android.dx.rop.code.InsnList::set (7 bytes)
Event: 17.785 Thread 0x00007fb2bc0af000 nmethod 216 0x00007fb2b90bc0d0 code [0x00007fb2b90bc220, 0x00007fb2b90bc338]
Event: 17.785 Thread 0x00007fb2bc0af000  217             com.android.dx.rop.code.BasicBlockList$RegCountVisitor::processReg (19 bytes)
Event: 17.798 Thread 0x00007fb2bc0af000 nmethod 217 0x00007fb2b90c6e10 code [0x00007fb2b90c6f60, 0x00007fb2b90c7038]
Event: 17.798 Thread 0x00007fb2bc0af000  218             com.android.dx.rop.code.RegisterSpec::getNextReg (10 bytes)
Event: 17.799 Thread 0x00007fb2bc0af000 nmethod 218 0x00007fb2b90c6b10 code [0x00007fb2b90c6c60, 0x00007fb2b90c6d18]
Event: 17.799 Thread 0x00007fb2bc0af000  219             com.android.dx.dex.code.ZeroSizeInsn::<init> (12 bytes)
Event: 17.800 Thread 0x00007fb2bc0af000 nmethod 219 0x00007fb2b90c6890 code [0x00007fb2b90c69e0, 0x00007fb2b90c6a78]
Event: 17.800 Thread 0x00007fb2bc0af000  220             com.android.dx.ssa.SCCP::run (298 bytes)

GC Heap History (9 events):
Event: 14.039 GC heap before
{Heap before GC invocations=1 (full 0):
 PSYoungGen      total 18432K, used 15872K [0x00000000eaa80000, 0x00000000ebf00000, 0x0000000100000000)
  eden space 15872K, 100% used [0x00000000eaa80000,0x00000000eba00000,0x00000000eba00000)
  from space 2560K, 0% used [0x00000000ebc80000,0x00000000ebc80000,0x00000000ebf00000)
  to   space 2560K, 0% used [0x00000000eba00000,0x00000000eba00000,0x00000000ebc80000)
 ParOldGen       total 40960K, used 0K [0x00000000c0000000, 0x00000000c2800000, 0x00000000eaa80000)
  object space 40960K, 0% used [0x00000000c0000000,0x00000000c0000000,0x00000000c2800000)
 PSPermGen       total 21504K, used 5561K [0x00000000b5a00000, 0x00000000b6f00000, 0x00000000c0000000)
  object space 21504K, 25% used [0x00000000b5a00000,0x00000000b5f6e578,0x00000000b6f00000)
Event: 14.054 GC heap after
Heap after GC invocations=1 (full 0):
 PSYoungGen      total 18432K, used 2494K [0x00000000eaa80000, 0x00000000ebf00000, 0x0000000100000000)
  eden space 15872K, 0% used [0x00000000eaa80000,0x00000000eaa80000,0x00000000eba00000)
  from space 2560K, 97% used [0x00000000eba00000,0x00000000ebc6f9a0,0x00000000ebc80000)
  to   space 2560K, 0% used [0x00000000ebc80000,0x00000000ebc80000,0x00000000ebf00000)
 ParOldGen       total 40960K, used 8K [0x00000000c0000000, 0x00000000c2800000, 0x00000000eaa80000)
  object space 40960K, 0% used [0x00000000c0000000,0x00000000c0002000,0x00000000c2800000)
 PSPermGen       total 21504K, used 5561K [0x00000000b5a00000, 0x00000000b6f00000, 0x00000000c0000000)
  object space 21504K, 25% used [0x00000000b5a00000,0x00000000b5f6e578,0x00000000b6f00000)
}
Event: 15.450 GC heap before
{Heap before GC invocations=2 (full 0):
 PSYoungGen      total 18432K, used 18366K [0x00000000eaa80000, 0x00000000ebf00000, 0x0000000100000000)
  eden space 15872K, 100% used [0x00000000eaa80000,0x00000000eba00000,0x00000000eba00000)
  from space 2560K, 97% used [0x00000000eba00000,0x00000000ebc6f9a0,0x00000000ebc80000)
  to   space 2560K, 0% used [0x00000000ebc80000,0x00000000ebc80000,0x00000000ebf00000)
 ParOldGen       total 40960K, used 8K [0x00000000c0000000, 0x00000000c2800000, 0x00000000eaa80000)
  object space 40960K, 0% used [0x00000000c0000000,0x00000000c0002000,0x00000000c2800000)
 PSPermGen       total 21504K, used 6001K [0x00000000b5a00000, 0x00000000b6f00000, 0x00000000c0000000)
  object space 21504K, 27% used [0x00000000b5a00000,0x00000000b5fdc448,0x00000000b6f00000)
Event: 15.465 GC heap after
Heap after GC invocations=2 (full 0):
 PSYoungGen      total 18432K, used 2551K [0x00000000eaa80000, 0x00000000ebf00000, 0x0000000100000000)
  eden space 15872K, 0% used [0x00000000eaa80000,0x00000000eaa80000,0x00000000eba00000)
  from space 2560K, 99% used [0x00000000ebc80000,0x00000000ebefdc78,0x00000000ebf00000)
  to   space 2560K, 0% used [0x00000000eba00000,0x00000000eba00000,0x00000000ebc80000)
 ParOldGen       total 40960K, used 983K [0x00000000c0000000, 0x00000000c2800000, 0x00000000eaa80000)
  object space 40960K, 2% used [0x00000000c0000000,0x00000000c00f5ed8,0x00000000c2800000)
 PSPermGen       total 21504K, used 6001K [0x00000000b5a00000, 0x00000000b6f00000, 0x00000000c0000000)
  object space 21504K, 27% used [0x00000000b5a00000,0x00000000b5fdc448,0x00000000b6f00000)
}
Event: 16.328 GC heap before
{Heap before GC invocations=3 (full 0):
 PSYoungGen      total 18432K, used 18423K [0x00000000eaa80000, 0x00000000ebf00000, 0x0000000100000000)
  eden space 15872K, 100% used [0x00000000eaa80000,0x00000000eba00000,0x00000000eba00000)
  from space 2560K, 99% used [0x00000000ebc80000,0x00000000ebefdc78,0x00000000ebf00000)
  to   space 2560K, 0% used [0x00000000eba00000,0x00000000eba00000,0x00000000ebc80000)
 ParOldGen       total 40960K, used 983K [0x00000000c0000000, 0x00000000c2800000, 0x00000000eaa80000)
  object space 40960K, 2% used [0x00000000c0000000,0x00000000c00f5ed8,0x00000000c2800000)
 PSPermGen       total 21504K, used 6102K [0x00000000b5a00000, 0x00000000b6f00000, 0x00000000c0000000)
  object space 21504K, 28% used [0x00000000b5a00000,0x00000000b5ff5ba8,0x00000000b6f00000)
Event: 16.357 GC heap after
Heap after GC invocations=3 (full 0):
 PSYoungGen      total 18432K, used 2544K [0x00000000eaa80000, 0x00000000ece80000, 0x0000000100000000)
  eden space 15872K, 0% used [0x00000000eaa80000,0x00000000eaa80000,0x00000000eba00000)
  from space 2560K, 99% used [0x00000000eba00000,0x00000000ebc7c028,0x00000000ebc80000)
  to   space 2560K, 0% used [0x00000000ecc00000,0x00000000ecc00000,0x00000000ece80000)
 ParOldGen       total 40960K, used 3864K [0x00000000c0000000, 0x00000000c2800000, 0x00000000eaa80000)
  object space 40960K, 9% used [0x00000000c0000000,0x00000000c03c60a8,0x00000000c2800000)
 PSPermGen       total 21504K, used 6102K [0x00000000b5a00000, 0x00000000b6f00000, 0x00000000c0000000)
  object space 21504K, 28% used [0x00000000b5a00000,0x00000000b5ff5ba8,0x00000000b6f00000)
}
Event: 17.117 GC heap before
{Heap before GC invocations=4 (full 0):
 PSYoungGen      total 18432K, used 18416K [0x00000000eaa80000, 0x00000000ece80000, 0x0000000100000000)
  eden space 15872K, 100% used [0x00000000eaa80000,0x00000000eba00000,0x00000000eba00000)
  from space 2560K, 99% used [0x00000000eba00000,0x00000000ebc7c028,0x00000000ebc80000)
  to   space 2560K, 0% used [0x00000000ecc00000,0x00000000ecc00000,0x00000000ece80000)
 ParOldGen       total 40960K, used 3864K [0x00000000c0000000, 0x00000000c2800000, 0x00000000eaa80000)
  object space 40960K, 9% used [0x00000000c0000000,0x00000000c03c60a8,0x00000000c2800000)
 PSPermGen       total 21504K, used 6136K [0x00000000b5a00000, 0x00000000b6f00000, 0x00000000c0000000)
  object space 21504K, 28% used [0x00000000b5a00000,0x00000000b5ffe110,0x00000000b6f00000)
Event: 17.157 GC heap after
Heap after GC invocations=4 (full 0):
 PSYoungGen      total 34304K, used 2560K [0x00000000eaa80000, 0x00000000ece80000, 0x0000000100000000)
  eden space 31744K, 0% used [0x00000000eaa80000,0x00000000eaa80000,0x00000000ec980000)
  from space 2560K, 100% used [0x00000000ecc00000,0x00000000ece80000,0x00000000ece80000)
  to   space 2560K, 0% used [0x00000000ec980000,0x00000000ec980000,0x00000000ecc00000)
 ParOldGen       total 40960K, used 7328K [0x00000000c0000000, 0x00000000c2800000, 0x00000000eaa80000)
  object space 40960K, 17% used [0x00000000c0000000,0x00000000c0728190,0x00000000c2800000)
 PSPermGen       total 21504K, used 6136K [0x00000000b5a00000, 0x00000000b6f00000, 0x00000000c0000000)
  object space 21504K, 28% used [0x00000000b5a00000,0x00000000b5ffe110,0x00000000b6f00000)
}
Event: 20.216 GC heap before
{Heap before GC invocations=5 (full 0):
 PSYoungGen      total 34304K, used 34304K [0x00000000eaa80000, 0x00000000ece80000, 0x0000000100000000)
  eden space 31744K, 100% used [0x00000000eaa80000,0x00000000ec980000,0x00000000ec980000)
  from space 2560K, 100% used [0x00000000ecc00000,0x00000000ece80000,0x00000000ece80000)
  to   space 2560K, 0% used [0x00000000ec980000,0x00000000ec980000,0x00000000ecc00000)
 ParOldGen       total 40960K, used 7328K [0x00000000c0000000, 0x00000000c2800000, 0x00000000eaa80000)
  object space 40960K, 17% used [0x00000000c0000000,0x00000000c0728190,0x00000000c2800000)
 PSPermGen       total 21504K, used 6168K [0x00000000b5a00000, 0x00000000b6f00000, 0x00000000c0000000)
  object space 21504K, 28% used [0x00000000b5a00000,0x00000000b6006228,0x00000000b6f00000)

Deoptimization events (4 events):
Event: 12.139 Thread 0x00007fb2bc00a800 Uncommon trap: reason=unstable_if action=reinterpret pc=0x00007fb2b9067d70 method=java.lang.String.indexOf(II)I @ 49
Event: 12.139 Thread 0x00007fb2bc00a800 Uncommon trap: reason=unstable_if action=reinterpret pc=0x00007fb2b9060c34 method=java.lang.String.indexOf(II)I @ 49
Event: 14.409 Thread 0x00007fb2bc0f2000 Uncommon trap: reason=unstable_if action=reinterpret pc=0x00007fb2b907555c method=java.util.BitSet.nextSetBit(I)I @ 87
Event: 15.824 Thread 0x00007fb2bc0f6800 Uncommon trap: reason=null_check action=make_not_entrant pc=0x00007fb2b908d410 method=com.android.dx.rop.type.Type.equals(Ljava/lang/Object;)Z @ 8

Internal exceptions (10 events):
Event: 14.127 Thread 0x00007fb2bc00a800 Threw 0x00000000eac1fff8 at /build/openjdk-7-zaTxYK/openjdk-7-7u91-2.6.3/build/openjdk/hotspot/src/share/vm/prims/jvm.cpp:1322
Event: 14.127 Thread 0x00007fb2bc00a800 Threw 0x00000000eac26260 at /build/openjdk-7-zaTxYK/openjdk-7-7u91-2.6.3/build/openjdk/hotspot/src/share/vm/prims/jvm.cpp:1322
Event: 14.138 Thread 0x00007fb2bc00a800 Threw 0x00000000eac3e7b8 at /build/openjdk-7-zaTxYK/openjdk-7-7u91-2.6.3/build/openjdk/hotspot/src/share/vm/prims/jvm.cpp:1322
Event: 14.179 Thread 0x00007fb2bc147000 Threw 0x00000000eacea2a8 at /build/openjdk-7-zaTxYK/openjdk-7-7u91-2.6.3/build/openjdk/hotspot/src/share/vm/prims/jvm.cpp:1322
Event: 14.265 Thread 0x00007fb2bc00a800 Threw 0x00000000eac8c7c0 at /build/openjdk-7-zaTxYK/openjdk-7-7u91-2.6.3/build/openjdk/hotspot/src/share/vm/prims/jvm.cpp:1322
Event: 14.396 Thread 0x00007fb2bc147000 Threw 0x00000000eae4e040 at /build/openjdk-7-zaTxYK/openjdk-7-7u91-2.6.3/build/openjdk/hotspot/src/share/vm/prims/jvm.cpp:1322
Event: 14.649 Thread 0x00007fb2bc00a800 Threw 0x00000000eb0f50f8 at /build/openjdk-7-zaTxYK/openjdk-7-7u91-2.6.3/build/openjdk/hotspot/src/share/vm/prims/jvm.cpp:1322
Event: 14.697 Thread 0x00007fb2bc0f2000 Threw 0x00000000eb174d80 at /build/openjdk-7-zaTxYK/openjdk-7-7u91-2.6.3/build/openjdk/hotspot/src/share/vm/prims/jvm.cpp:1322
Event: 15.824 Thread 0x00007fb2bc0f6800 Implicit null exception at 0x00007fb2b908d312 to 0x00007fb2b908d403
Event: 16.686 Thread 0x00007fb2bc0f4800 Threw 0x00000000eb167860 at /build/openjdk-7-zaTxYK/openjdk-7-7u91-2.6.3/build/openjdk/hotspot/src/share/vm/prims/jvm.cpp:1322

Events (10 events):
Event: 15.824 Thread 0x00007fb2bc0f6800 DEOPT UNPACKING pc=0x00007fb2b9039445 sp=0x00007fb2a9384f28 mode 2
Event: 16.328 Executing VM operation: ParallelGCFailedAllocation
Event: 16.357 Executing VM operation: ParallelGCFailedAllocation done
Event: 16.384 Thread 0x00007fb2bc0ac000 flushing nmethod 0x00007fb2b90609d0
Event: 16.401 Thread 0x00007fb2bc0ac000 flushing nmethod 0x00007fb2b9067b10
Event: 16.686 loading class 0x00007fb28402c710
Event: 16.686 loading class 0x00007fb28402c710 done
Event: 17.106 Executing VM operation: ParallelGCFailedAllocation
Event: 17.157 Executing VM operation: ParallelGCFailedAllocation done
Event: 20.125 Executing VM operation: ParallelGCFailedAllocation


Dynamic libraries:
00400000-00401000 r-xp 00000000 08:01 1967803                            /usr/lib/jvm/java-7-openjdk-amd64/jre/bin/java
00600000-00601000 r--p 00000000 08:01 1967803                            /usr/lib/jvm/java-7-openjdk-amd64/jre/bin/java
00601000-00602000 rw-p 00001000 08:01 1967803                            /usr/lib/jvm/java-7-openjdk-amd64/jre/bin/java
02444000-02465000 rw-p 00000000 00:00 0                                  [heap]
b5a00000-b6f00000 rw-p 00000000 00:00 0 
b6f00000-c0000000 rw-p 00000000 00:00 0 
c0000000-c2800000 rw-p 00000000 00:00 0 
c2800000-eaa80000 rw-p 00000000 00:00 0 
eaa80000-ece80000 rw-p 00000000 00:00 0 
efa80000-100000000 rw-p 00000000 00:00 0 
7fb270000000-7fb270021000 rw-p 00000000 00:00 0 
7fb270021000-7fb274000000 ---p 00000000 00:00 0 
7fb274000000-7fb274021000 rw-p 00000000 00:00 0 
7fb274021000-7fb278000000 ---p 00000000 00:00 0 
7fb278000000-7fb278021000 rw-p 00000000 00:00 0 
7fb278021000-7fb27c000000 ---p 00000000 00:00 0 
7fb27c000000-7fb27c021000 rw-p 00000000 00:00 0 
7fb27c021000-7fb280000000 ---p 00000000 00:00 0 
7fb280000000-7fb280021000 rw-p 00000000 00:00 0 
7fb280021000-7fb284000000 ---p 00000000 00:00 0 
7fb284000000-7fb284044000 rw-p 00000000 00:00 0 
7fb284044000-7fb288000000 ---p 00000000 00:00 0 
7fb288000000-7fb288ac6000 rw-p 00000000 00:00 0 
7fb288ac6000-7fb28c000000 ---p 00000000 00:00 0 
7fb28c000000-7fb28c021000 rw-p 00000000 00:00 0 
7fb28c021000-7fb290000000 ---p 00000000 00:00 0 
7fb290000000-7fb290021000 rw-p 00000000 00:00 0 
7fb290021000-7fb294000000 ---p 00000000 00:00 0 
7fb294000000-7fb295a10000 rw-p 00000000 00:00 0 
7fb295a10000-7fb298000000 ---p 00000000 00:00 0 
7fb298000000-7fb298021000 rw-p 00000000 00:00 0 
7fb298021000-7fb29c000000 ---p 00000000 00:00 0 
7fb29c000000-7fb29c021000 rw-p 00000000 00:00 0 
7fb29c021000-7fb2a0000000 ---p 00000000 00:00 0 
7fb2a0000000-7fb2a0245000 rw-p 00000000 00:00 0 
7fb2a0245000-7fb2a4000000 ---p 00000000 00:00 0 
7fb2a4000000-7fb2a4021000 rw-p 00000000 00:00 0 
7fb2a4021000-7fb2a8000000 ---p 00000000 00:00 0 
7fb2a9185000-7fb2a9188000 ---p 00000000 00:00 0 
7fb2a9188000-7fb2a9286000 rw-p 00000000 00:00 0                          [stack:5419]
7fb2a9286000-7fb2a9289000 ---p 00000000 00:00 0 
7fb2a9289000-7fb2a9387000 rw-p 00000000 00:00 0                          [stack:5417]
7fb2a9387000-7fb2a938a000 ---p 00000000 00:00 0 
7fb2a938a000-7fb2a9488000 rw-p 00000000 00:00 0                          [stack:5405]
7fb2a9488000-7fb2a948b000 ---p 00000000 00:00 0 
7fb2a948b000-7fb2a9589000 rw-p 00000000 00:00 0                          [stack:5403]
7fb2a9589000-7fb2a958c000 ---p 00000000 00:00 0 
7fb2a958c000-7fb2a968a000 rw-p 00000000 00:00 0                          [stack:5402]
7fb2a968a000-7fb2a96c7000 r-xp 00000000 08:01 2888039                    /lib/x86_64-linux-gnu/libpcre.so.3.13.1
7fb2a96c7000-7fb2a98c6000 ---p 0003d000 08:01 2888039                    /lib/x86_64-linux-gnu/libpcre.so.3.13.1
7fb2a98c6000-7fb2a98c7000 r--p 0003c000 08:01 2888039                    /lib/x86_64-linux-gnu/libpcre.so.3.13.1
7fb2a98c7000-7fb2a98c8000 rw-p 0003d000 08:01 2888039                    /lib/x86_64-linux-gnu/libpcre.so.3.13.1
7fb2a98c8000-7fb2a98cf000 r-xp 00000000 08:01 1835034                    /usr/lib/x86_64-linux-gnu/libffi.so.6.0.1
7fb2a98cf000-7fb2a9ace000 ---p 00007000 08:01 1835034                    /usr/lib/x86_64-linux-gnu/libffi.so.6.0.1
7fb2a9ace000-7fb2a9acf000 r--p 00006000 08:01 1835034                    /usr/lib/x86_64-linux-gnu/libffi.so.6.0.1
7fb2a9acf000-7fb2a9ad0000 rw-p 00007000 08:01 1835034                    /usr/lib/x86_64-linux-gnu/libffi.so.6.0.1
7fb2a9ad0000-7fb2ac000000 rw-p 00000000 00:00 0 
7fb2ac000000-7fb2ac021000 rw-p 00000000 00:00 0 
7fb2ac021000-7fb2b0000000 ---p 00000000 00:00 0 
7fb2b0000000-7fb2b0021000 rw-p 00000000 00:00 0 
7fb2b0021000-7fb2b4000000 ---p 00000000 00:00 0 
7fb2b4000000-7fb2b4021000 rw-p 00000000 00:00 0 
7fb2b4021000-7fb2b8000000 ---p 00000000 00:00 0 
7fb2b80f2000-7fb2b8109000 r-xp 00000000 08:01 2888062                    /lib/x86_64-linux-gnu/libresolv-2.19.so
7fb2b8109000-7fb2b8309000 ---p 00017000 08:01 2888062                    /lib/x86_64-linux-gnu/libresolv-2.19.so
7fb2b8309000-7fb2b830a000 r--p 00017000 08:01 2888062                    /lib/x86_64-linux-gnu/libresolv-2.19.so
7fb2b830a000-7fb2b830b000 rw-p 00018000 08:01 2888062                    /lib/x86_64-linux-gnu/libresolv-2.19.so
7fb2b830b000-7fb2b830d000 rw-p 00000000 00:00 0 
7fb2b830d000-7fb2b832d000 r-xp 00000000 08:01 2888066                    /lib/x86_64-linux-gnu/libselinux.so.1
7fb2b832d000-7fb2b852c000 ---p 00020000 08:01 2888066                    /lib/x86_64-linux-gnu/libselinux.so.1
7fb2b852c000-7fb2b852d000 r--p 0001f000 08:01 2888066                    /lib/x86_64-linux-gnu/libselinux.so.1
7fb2b852d000-7fb2b852e000 rw-p 00020000 08:01 2888066                    /lib/x86_64-linux-gnu/libselinux.so.1
7fb2b852e000-7fb2b8530000 rw-p 00000000 00:00 0 
7fb2b8530000-7fb2b8533000 r-xp 00000000 08:01 1843588                    /usr/lib/x86_64-linux-gnu/libgmodule-2.0.so.0.4002.0
7fb2b8533000-7fb2b8732000 ---p 00003000 08:01 1843588                    /usr/lib/x86_64-linux-gnu/libgmodule-2.0.so.0.4002.0
7fb2b8732000-7fb2b8733000 r--p 00002000 08:01 1843588                    /usr/lib/x86_64-linux-gnu/libgmodule-2.0.so.0.4002.0
7fb2b8733000-7fb2b8734000 rw-p 00003000 08:01 1843588                    /usr/lib/x86_64-linux-gnu/libgmodule-2.0.so.0.4002.0
7fb2b8734000-7fb2b883a000 r-xp 00000000 08:01 2887966                    /lib/x86_64-linux-gnu/libglib-2.0.so.0.4002.0
7fb2b883a000-7fb2b8a39000 ---p 00106000 08:01 2887966                    /lib/x86_64-linux-gnu/libglib-2.0.so.0.4002.0
7fb2b8a39000-7fb2b8a3a000 r--p 00105000 08:01 2887966                    /lib/x86_64-linux-gnu/libglib-2.0.so.0.4002.0
7fb2b8a3a000-7fb2b8a3b000 rw-p 00106000 08:01 2887966                    /lib/x86_64-linux-gnu/libglib-2.0.so.0.4002.0
7fb2b8a3b000-7fb2b8a3c000 rw-p 00000000 00:00 0 
7fb2b8a3c000-7fb2b8a8b000 r-xp 00000000 08:01 1843612                    /usr/lib/x86_64-linux-gnu/libgobject-2.0.so.0.4002.0
7fb2b8a8b000-7fb2b8c8b000 ---p 0004f000 08:01 1843612                    /usr/lib/x86_64-linux-gnu/libgobject-2.0.so.0.4002.0
7fb2b8c8b000-7fb2b8c8c000 r--p 0004f000 08:01 1843612                    /usr/lib/x86_64-linux-gnu/libgobject-2.0.so.0.4002.0
7fb2b8c8c000-7fb2b8c8d000 rw-p 00050000 08:01 1843612                    /usr/lib/x86_64-linux-gnu/libgobject-2.0.so.0.4002.0
7fb2b8c8d000-7fb2b8df9000 r-xp 00000000 08:01 1843574                    /usr/lib/x86_64-linux-gnu/libgio-2.0.so.0.4002.0
7fb2b8df9000-7fb2b8ff8000 ---p 0016c000 08:01 1843574                    /usr/lib/x86_64-linux-gnu/libgio-2.0.so.0.4002.0
7fb2b8ff8000-7fb2b8ffc000 r--p 0016b000 08:01 1843574                    /usr/lib/x86_64-linux-gnu/libgio-2.0.so.0.4002.0
7fb2b8ffc000-7fb2b8ffe000 rw-p 0016f000 08:01 1843574                    /usr/lib/x86_64-linux-gnu/libgio-2.0.so.0.4002.0
7fb2b8ffe000-7fb2b9000000 rw-p 00000000 00:00 0 
7fb2b9000000-7fb2b9270000 rwxp 00000000 00:00 0 
7fb2b9270000-7fb2bc1aa000 rw-p 00000000 00:00 0 
7fb2bc1aa000-7fb2c0000000 ---p 00000000 00:00 0 
7fb2c003e000-7fb2c006f000 rw-p 00000000 00:00 0 
7fb2c008d000-7fb2c00a4000 r-xp 00000000 08:01 1973501                    /usr/lib/jvm/java-7-openjdk-amd64/jre/lib/amd64/libnet.so
7fb2c00a4000-7fb2c02a3000 ---p 00017000 08:01 1973501                    /usr/lib/jvm/java-7-openjdk-amd64/jre/lib/amd64/libnet.so
7fb2c02a3000-7fb2c02a4000 r--p 00016000 08:01 1973501                    /usr/lib/jvm/java-7-openjdk-amd64/jre/lib/amd64/libnet.so
7fb2c02a4000-7fb2c02a5000 rw-p 00017000 08:01 1973501                    /usr/lib/jvm/java-7-openjdk-amd64/jre/lib/amd64/libnet.so
7fb2c02a5000-7fb2c02b5000 r-xp 00000000 08:01 1971964                    /usr/lib/jvm/java-7-openjdk-amd64/jre/lib/amd64/libnio.so
7fb2c02b5000-7fb2c04b5000 ---p 00010000 08:01 1971964                    /usr/lib/jvm/java-7-openjdk-amd64/jre/lib/amd64/libnio.so
7fb2c04b5000-7fb2c04b6000 r--p 00010000 08:01 1971964                    /usr/lib/jvm/java-7-openjdk-amd64/jre/lib/amd64/libnio.so
7fb2c04b6000-7fb2c04b7000 rw-p 00011000 08:01 1971964                    /usr/lib/jvm/java-7-openjdk-amd64/jre/lib/amd64/libnio.so
7fb2c04b7000-7fb2c04c5000 r--s 0007c000 08:01 5376333                    /home/ammar/Dropbox/AndroidProjects/BackupContacts_SMS/app/build/intermediates/exploded-aar/com.google.android.gms/play-services-basement/9.2.0/jars/classes.jar
7fb2c04c5000-7fb2c04d4000 r--s 000df000 08:01 6170728                    /home/ammar/Downloads/AndriodSDK/android-sdk-linux/build-tools/23.0.2/lib/dx.jar
7fb2c04d4000-7fb2c04d5000 ---p 00000000 00:00 0 
7fb2c04d5000-7fb2c05d5000 rw-p 00000000 00:00 0                          [stack:5397]
7fb2c05d5000-7fb2c05d8000 ---p 00000000 00:00 0 
7fb2c05d8000-7fb2c06d6000 rw-p 00000000 00:00 0                          [stack:5395]
7fb2c06d6000-7fb2c06d9000 ---p 00000000 00:00 0 
7fb2c06d9000-7fb2c07d7000 rw-p 00000000 00:00 0                          [stack:5392]
7fb2c07d7000-7fb2c07da000 ---p 00000000 00:00 0 
7fb2c07da000-7fb2c08d8000 rw-p 00000000 00:00 0                          [stack:5385]
7fb2c08d8000-7fb2c08db000 ---p 00000000 00:00 0 
7fb2c08db000-7fb2c09d9000 rw-p 00000000 00:00 0                          [stack:5382]
7fb2c09d9000-7fb2c0ce2000 r--p 00000000 08:01 1841723                    /usr/lib/locale/locale-archive
7fb2c0ce2000-7fb2c0ce5000 ---p 00000000 00:00 0 
7fb2c0ce5000-7fb2c0de3000 rw-p 00000000 00:00 0                          [stack:5378]
7fb2c0de3000-7fb2c0de6000 ---p 00000000 00:00 0 
7fb2c0de6000-7fb2c0ee4000 rw-p 00000000 00:00 0                          [stack:5375]
7fb2c0ee4000-7fb2c0ee5000 ---p 00000000 00:00 0 
7fb2c0ee5000-7fb2c1fe2000 rw-p 00000000 00:00 0                          [stack:5368]
7fb2c1fe2000-7fb2c2194000 r--s 01d2e000 08:01 1971958                    /usr/lib/jvm/java-7-openjdk-amd64/jre/lib/rt.jar
7fb2c2194000-7fb2c24e0000 rw-p 00000000 00:00 0 
7fb2c24e0000-7fb2c24e1000 ---p 00000000 00:00 0 
7fb2c24e1000-7fb2c25e1000 rw-p 00000000 00:00 0                          [stack:5367]
7fb2c25e1000-7fb2c25e2000 ---p 00000000 00:00 0 
7fb2c25e2000-7fb2c26e2000 rw-p 00000000 00:00 0                          [stack:5361]
7fb2c26e2000-7fb2c26e3000 ---p 00000000 00:00 0 
7fb2c26e3000-7fb2c27e3000 rw-p 00000000 00:00 0                          [stack:5358]
7fb2c27e3000-7fb2c27e4000 ---p 00000000 00:00 0 
7fb2c27e4000-7fb2c28ef000 rw-p 00000000 00:00 0                          [stack:5354]
7fb2c28ef000-7fb2c2937000 rw-p 00000000 00:00 0 
7fb2c2937000-7fb2c294b000 rw-p 00000000 00:00 0 
7fb2c294b000-7fb2c2a8d000 rw-p 00000000 00:00 0 
7fb2c2a8d000-7fb2c2a98000 rw-p 00000000 00:00 0 
7fb2c2a98000-7fb2c2ae0000 rw-p 00000000 00:00 0 
7fb2c2ae0000-7fb2c2af4000 rw-p 00000000 00:00 0 
7fb2c2af4000-7fb2c2c35000 rw-p 00000000 00:00 0 
7fb2c2c35000-7fb2c2c48000 rw-p 00000000 00:00 0 
7fb2c2c48000-7fb2c2ce0000 rw-p 00000000 00:00 0 
7fb2c2ce0000-7fb2c2ce1000 rw-p 00000000 00:00 0 
7fb2c2ce1000-7fb2c2ce9000 r-xp 00000000 08:01 1971968                    /usr/lib/jvm/java-7-openjdk-amd64/jre/lib/amd64/libzip.so
7fb2c2ce9000-7fb2c2ee8000 ---p 00008000 08:01 1971968                    /usr/lib/jvm/java-7-openjdk-amd64/jre/lib/amd64/libzip.so
7fb2c2ee8000-7fb2c2ee9000 r--p 00007000 08:01 1971968                    /usr/lib/jvm/java-7-openjdk-amd64/jre/lib/amd64/libzip.so
7fb2c2ee9000-7fb2c2eea000 rw-p 00008000 08:01 1971968                    /usr/lib/jvm/java-7-openjdk-amd64/jre/lib/amd64/libzip.so
7fb2c2eea000-7fb2c2ef5000 r-xp 00000000 08:01 2888011                    /lib/x86_64-linux-gnu/libnss_files-2.19.so
7fb2c2ef5000-7fb2c30f4000 ---p 0000b000 08:01 2888011                    /lib/x86_64-linux-gnu/libnss_files-2.19.so
7fb2c30f4000-7fb2c30f5000 r--p 0000a000 08:01 2888011                    /lib/x86_64-linux-gnu/libnss_files-2.19.so
7fb2c30f5000-7fb2c30f6000 rw-p 0000b000 08:01 2888011                    /lib/x86_64-linux-gnu/libnss_files-2.19.so
7fb2c30f6000-7fb2c3101000 r-xp 00000000 08:01 2888021                    /lib/x86_64-linux-gnu/libnss_nis-2.19.so
7fb2c3101000-7fb2c3300000 ---p 0000b000 08:01 2888021                    /lib/x86_64-linux-gnu/libnss_nis-2.19.so
7fb2c3300000-7fb2c3301000 r--p 0000a000 08:01 2888021                    /lib/x86_64-linux-gnu/libnss_nis-2.19.so
7fb2c3301000-7fb2c3302000 rw-p 0000b000 08:01 2888021                    /lib/x86_64-linux-gnu/libnss_nis-2.19.so
7fb2c3302000-7fb2c3319000 r-xp 00000000 08:01 2888005                    /lib/x86_64-linux-gnu/libnsl-2.19.so
7fb2c3319000-7fb2c3518000 ---p 00017000 08:01 2888005                    /lib/x86_64-linux-gnu/libnsl-2.19.so
7fb2c3518000-7fb2c3519000 r--p 00016000 08:01 2888005                    /lib/x86_64-linux-gnu/libnsl-2.19.so
7fb2c3519000-7fb2c351a000 rw-p 00017000 08:01 2888005                    /lib/x86_64-linux-gnu/libnsl-2.19.so
7fb2c351a000-7fb2c351c000 rw-p 00000000 00:00 0 
7fb2c351c000-7fb2c3525000 r-xp 00000000 08:01 2888007                    /lib/x86_64-linux-gnu/libnss_compat-2.19.so
7fb2c3525000-7fb2c3724000 ---p 00009000 08:01 2888007                    /lib/x86_64-linux-gnu/libnss_compat-2.19.so
7fb2c3724000-7fb2c3725000 r--p 00008000 08:01 2888007                    /lib/x86_64-linux-gnu/libnss_compat-2.19.so
7fb2c3725000-7fb2c3726000 rw-p 00009000 08:01 2888007                    /lib/x86_64-linux-gnu/libnss_compat-2.19.so
7fb2c3726000-7fb2c3751000 r-xp 00000000 08:01 1973420                    /usr/lib/jvm/java-7-openjdk-amd64/jre/lib/amd64/libjava.so
7fb2c3751000-7fb2c3951000 ---p 0002b000 08:01 1973420                    /usr/lib/jvm/java-7-openjdk-amd64/jre/lib/amd64/libjava.so
7fb2c3951000-7fb2c3952000 r--p 0002b000 08:01 1973420                    /usr/lib/jvm/java-7-openjdk-amd64/jre/lib/amd64/libjava.so
7fb2c3952000-7fb2c3954000 rw-p 0002c000 08:01 1973420                    /usr/lib/jvm/java-7-openjdk-amd64/jre/lib/amd64/libjava.so
7fb2c3954000-7fb2c3964000 r-xp 00000000 08:01 1973497                    /usr/lib/jvm/java-7-openjdk-amd64/jre/lib/amd64/libverify.so
7fb2c3964000-7fb2c3b63000 ---p 00010000 08:01 1973497                    /usr/lib/jvm/java-7-openjdk-amd64/jre/lib/amd64/libverify.so
7fb2c3b63000-7fb2c3b65000 r--p 0000f000 08:01 1973497                    /usr/lib/jvm/java-7-openjdk-amd64/jre/lib/amd64/libverify.so
7fb2c3b65000-7fb2c3b66000 rw-p 00011000 08:01 1973497                    /usr/lib/jvm/java-7-openjdk-amd64/jre/lib/amd64/libverify.so
7fb2c3b66000-7fb2c3b6d000 r-xp 00000000 08:01 2888064                    /lib/x86_64-linux-gnu/librt-2.19.so
7fb2c3b6d000-7fb2c3d6c000 ---p 00007000 08:01 2888064                    /lib/x86_64-linux-gnu/librt-2.19.so
7fb2c3d6c000-7fb2c3d6d000 r--p 00006000 08:01 2888064                    /lib/x86_64-linux-gnu/librt-2.19.so
7fb2c3d6d000-7fb2c3d6e000 rw-p 00007000 08:01 2888064                    /lib/x86_64-linux-gnu/librt-2.19.so
7fb2c3d6e000-7fb2c3d84000 r-xp 00000000 08:01 2884713                    /lib/x86_64-linux-gnu/libgcc_s.so.1
7fb2c3d84000-7fb2c3f83000 ---p 00016000 08:01 2884713                    /lib/x86_64-linux-gnu/libgcc_s.so.1
7fb2c3f83000-7fb2c3f84000 rw-p 00015000 08:01 2884713                    /lib/x86_64-linux-gnu/libgcc_s.so.1
7fb2c3f84000-7fb2c4089000 r-xp 00000000 08:01 2887986                    /lib/x86_64-linux-gnu/libm-2.19.so
7fb2c4089000-7fb2c4288000 ---p 00105000 08:01 2887986                    /lib/x86_64-linux-gnu/libm-2.19.so
7fb2c4288000-7fb2c4289000 r--p 00104000 08:01 2887986                    /lib/x86_64-linux-gnu/libm-2.19.so
7fb2c4289000-7fb2c428a000 rw-p 00105000 08:01 2887986                    /lib/x86_64-linux-gnu/libm-2.19.so
7fb2c428a000-7fb2c4370000 r-xp 00000000 08:01 1844179                    /usr/lib/x86_64-linux-gnu/libstdc++.so.6.0.19
7fb2c4370000-7fb2c456f000 ---p 000e6000 08:01 1844179                    /usr/lib/x86_64-linux-gnu/libstdc++.so.6.0.19
7fb2c456f000-7fb2c4577000 r--p 000e5000 08:01 1844179                    /usr/lib/x86_64-linux-gnu/libstdc++.so.6.0.19
7fb2c4577000-7fb2c4579000 rw-p 000ed000 08:01 1844179                    /usr/lib/x86_64-linux-gnu/libstdc++.so.6.0.19
7fb2c4579000-7fb2c458e000 rw-p 00000000 00:00 0 
7fb2c458e000-7fb2c50b2000 r-xp 00000000 08:01 1973489                    /usr/lib/jvm/java-7-openjdk-amd64/jre/lib/amd64/server/libjvm.so
7fb2c50b2000-7fb2c52b2000 ---p 00b24000 08:01 1973489                    /usr/lib/jvm/java-7-openjdk-amd64/jre/lib/amd64/server/libjvm.so
7fb2c52b2000-7fb2c534c000 r--p 00b24000 08:01 1973489                    /usr/lib/jvm/java-7-openjdk-amd64/jre/lib/amd64/server/libjvm.so
7fb2c534c000-7fb2c536f000 rw-p 00bbe000 08:01 1973489                    /usr/lib/jvm/java-7-openjdk-amd64/jre/lib/amd64/server/libjvm.so
7fb2c536f000-7fb2c539d000 rw-p 00000000 00:00 0 
7fb2c539d000-7fb2c53b5000 r-xp 00000000 08:01 2888099                    /lib/x86_64-linux-gnu/libz.so.1.2.8
7fb2c53b5000-7fb2c55b4000 ---p 00018000 08:01 2888099                    /lib/x86_64-linux-gnu/libz.so.1.2.8
7fb2c55b4000-7fb2c55b5000 r--p 00017000 08:01 2888099                    /lib/x86_64-linux-gnu/libz.so.1.2.8
7fb2c55b5000-7fb2c55b6000 rw-p 00018000 08:01 2888099                    /lib/x86_64-linux-gnu/libz.so.1.2.8
7fb2c55b6000-7fb2c55cf000 r-xp 00000000 08:01 2888056                    /lib/x86_64-linux-gnu/libpthread-2.19.so
7fb2c55cf000-7fb2c57ce000 ---p 00019000 08:01 2888056                    /lib/x86_64-linux-gnu/libpthread-2.19.so
7fb2c57ce000-7fb2c57cf000 r--p 00018000 08:01 2888056                    /lib/x86_64-linux-gnu/libpthread-2.19.so
7fb2c57cf000-7fb2c57d0000 rw-p 00019000 08:01 2888056                    /lib/x86_64-linux-gnu/libpthread-2.19.so
7fb2c57d0000-7fb2c57d4000 rw-p 00000000 00:00 0 
7fb2c57d4000-7fb2c57d7000 r-xp 00000000 08:01 2887952                    /lib/x86_64-linux-gnu/libdl-2.19.so
7fb2c57d7000-7fb2c59d6000 ---p 00003000 08:01 2887952                    /lib/x86_64-linux-gnu/libdl-2.19.so
7fb2c59d6000-7fb2c59d7000 r--p 00002000 08:01 2887952                    /lib/x86_64-linux-gnu/libdl-2.19.so
7fb2c59d7000-7fb2c59d8000 rw-p 00003000 08:01 2887952                    /lib/x86_64-linux-gnu/libdl-2.19.so
7fb2c59d8000-7fb2c5b93000 r-xp 00000000 08:01 2887935                    /lib/x86_64-linux-gnu/libc-2.19.so
7fb2c5b93000-7fb2c5d92000 ---p 001bb000 08:01 2887935                    /lib/x86_64-linux-gnu/libc-2.19.so
7fb2c5d92000-7fb2c5d96000 r--p 001ba000 08:01 2887935                    /lib/x86_64-linux-gnu/libc-2.19.so
7fb2c5d96000-7fb2c5d98000 rw-p 001be000 08:01 2887935                    /lib/x86_64-linux-gnu/libc-2.19.so
7fb2c5d98000-7fb2c5d9d000 rw-p 00000000 00:00 0 
7fb2c5d9d000-7fb2c5daa000 r-xp 00000000 08:01 1973498                    /usr/lib/jvm/java-7-openjdk-amd64/jre/lib/amd64/jli/libjli.so
7fb2c5daa000-7fb2c5fa9000 ---p 0000d000 08:01 1973498                    /usr/lib/jvm/java-7-openjdk-amd64/jre/lib/amd64/jli/libjli.so
7fb2c5fa9000-7fb2c5faa000 r--p 0000c000 08:01 1973498                    /usr/lib/jvm/java-7-openjdk-amd64/jre/lib/amd64/jli/libjli.so
7fb2c5faa000-7fb2c5fab000 rw-p 0000d000 08:01 1973498                    /usr/lib/jvm/java-7-openjdk-amd64/jre/lib/amd64/jli/libjli.so
7fb2c5fab000-7fb2c5fce000 r-xp 00000000 08:01 2887909                    /lib/x86_64-linux-gnu/ld-2.19.so
7fb2c5fce000-7fb2c5ff1000 rw-p 00000000 00:00 0 
7fb2c5ff1000-7fb2c60a7000 rw-p 00000000 00:00 0 
7fb2c60a7000-7fb2c60aa000 ---p 00000000 00:00 0 
7fb2c60aa000-7fb2c61ad000 rw-p 00000000 00:00 0                          [stack:5348]
7fb2c61ad000-7fb2c61b1000 r--s 0003c000 08:01 1971954                    /usr/lib/jvm/java-7-openjdk-amd64/jre/lib/ext/sunpkcs11.jar
7fb2c61b1000-7fb2c61b4000 r--s 0000f000 08:01 1971952                    /usr/lib/jvm/java-7-openjdk-amd64/jre/lib/ext/icedtea-sound.jar
7fb2c61b4000-7fb2c61b6000 r--s 00012000 08:01 1971950                    /usr/lib/jvm/java-7-openjdk-amd64/jre/lib/ext/zipfs.jar
7fb2c61b6000-7fb2c61ba000 r--s 00085000 08:01 1971951                    /usr/lib/jvm/java-7-openjdk-amd64/jre/lib/ext/localedata.jar
7fb2c61ba000-7fb2c61bc000 r--s 00006000 08:01 2495623                    /usr/share/java/java-atk-wrapper.jar
7fb2c61bc000-7fb2c61bd000 r--s 00002000 08:01 1971955                    /usr/lib/jvm/java-7-openjdk-amd64/jre/lib/ext/dnsns.jar
7fb2c61bd000-7fb2c61c1000 r--s 00034000 08:01 1971953                    /usr/lib/jvm/java-7-openjdk-amd64/jre/lib/ext/sunjce_provider.jar
7fb2c61c1000-7fb2c61c9000 rw-s 00000000 08:01 8135796                    /tmp/hsperfdata_ammar/5331
7fb2c61c9000-7fb2c61ca000 rw-p 00000000 00:00 0 
7fb2c61ca000-7fb2c61cb000 ---p 00000000 00:00 0 
7fb2c61cb000-7fb2c61cd000 rw-p 00000000 00:00 0 
7fb2c61cd000-7fb2c61ce000 r--p 00022000 08:01 2887909                    /lib/x86_64-linux-gnu/ld-2.19.so
7fb2c61ce000-7fb2c61cf000 rw-p 00023000 08:01 2887909                    /lib/x86_64-linux-gnu/ld-2.19.so
7fb2c61cf000-7fb2c61d0000 rw-p 00000000 00:00 0 
7fff8f959000-7fff8f97a000 rw-p 00000000 00:00 0                          [stack]
7fff8f9f9000-7fff8f9fb000 r--p 00000000 00:00 0                          [vvar]
7fff8f9fb000-7fff8f9fd000 r-xp 00000000 00:00 0                          [vdso]
ffffffffff600000-ffffffffff601000 r-xp 00000000 00:00 0                  [vsyscall]

VM Arguments:
jvm_args: -Djava.awt.headless=true -Xmx1024M -Dfile.encoding=UTF-8 -Duser.country=US -Duser.language=en -Duser.variant 
java_command: com.android.dx.command.Main --dex --num-threads=4 --output /home/ammar/Dropbox/AndroidProjects/BackupContacts_SMS/app/build/intermediates/pre-dexed/debug/com.google.android.gms-play-services-basement-9.2.0_fefab7b2002f9c832b65f5bcc027672e97705415.jar /home/ammar/Dropbox/AndroidProjects/BackupContacts_SMS/app/build/intermediates/exploded-aar/com.google.android.gms/play-services-basement/9.2.0/jars/classes.jar
Launcher Type: SUN_STANDARD

Environment Variables:
JAVA_HOME=/usr/lib/jvm/java-7-openjdk-amd64/bin/java
PATH=/usr/local/sbin:/usr/local/bin:/usr/sbin:/usr/bin:/sbin:/bin:/usr/games:/usr/local/games
USERNAME=ammar
LD_LIBRARY_PATH=/home/ammar/Downloads/android-studio/bin:
SHELL=/bin/bash
DISPLAY=:0

Signal Handlers:
SIGSEGV: [libjvm.so+0x9548f0], sa_mask[0]=0x7ffbfeff, sa_flags=0x10000004
SIGBUS: [libjvm.so+0x9548f0], sa_mask[0]=0x7ffbfeff, sa_flags=0x10000004
SIGFPE: [libjvm.so+0x7cb0b0], sa_mask[0]=0x7ffbfeff, sa_flags=0x10000004
SIGPIPE: [libjvm.so+0x7cb0b0], sa_mask[0]=0x7ffbfeff, sa_flags=0x10000004
SIGXFSZ: [libjvm.so+0x7cb0b0], sa_mask[0]=0x7ffbfeff, sa_flags=0x10000004
SIGILL: [libjvm.so+0x7cb0b0], sa_mask[0]=0x7ffbfeff, sa_flags=0x10000004
SIGUSR1: SIG_DFL, sa_mask[0]=0x00000000, sa_flags=0x00000000
SIGUSR2: [libjvm.so+0x7caf50], sa_mask[0]=0x00000004, sa_flags=0x10000004
SIGHUP: [libjvm.so+0x7cb130], sa_mask[0]=0x7ffbfeff, sa_flags=0x10000004
SIGINT: [libjvm.so+0x7cb130], sa_mask[0]=0x7ffbfeff, sa_flags=0x10000004
SIGTERM: [libjvm.so+0x7cb130], sa_mask[0]=0x7ffbfeff, sa_flags=0x10000004
SIGQUIT: [libjvm.so+0x7cb130], sa_mask[0]=0x7ffbfeff, sa_flags=0x10000004
SIGTRAP: SIG_DFL, sa_mask[0]=0x00000000, sa_flags=0x00000000


---------------  S Y S T E M  ---------------

OS:LinuxMint 17.3 (rosa)
uname:Linux 3.19.0-32-generic #37~14.04.1-Ubuntu SMP Thu Oct 22 09:41:40 UTC 2015 x86_64
libc:glibc 2.19 NPTL 2.19 
rlimit: STACK 8192k, CORE 0k, NPROC 15323, NOFILE 4096, AS infinity
load average:12.82 4.09 2.11

/proc/meminfo:
MemTotal:        3954808 kB
MemFree:          105892 kB
MemAvailable:      53364 kB
Buffers:             612 kB
Cached:           288296 kB
SwapCached:            0 kB
Active:          3459960 kB
Inactive:         248704 kB
Active(anon):    3457064 kB
Inactive(anon):   224928 kB
Active(file):       2896 kB
Inactive(file):    23776 kB
Unevictable:           0 kB
Mlocked:               0 kB
SwapTotal:             0 kB
SwapFree:              0 kB
Dirty:               160 kB
Writeback:             0 kB
AnonPages:       3420188 kB
Mapped:            84736 kB
Shmem:            261804 kB
Slab:              67756 kB
SReclaimable:      37200 kB
SUnreclaim:        30556 kB
KernelStack:       10672 kB
PageTables:        30108 kB
NFS_Unstable:          0 kB
Bounce:                0 kB
WritebackTmp:          0 kB
CommitLimit:     1977404 kB
Committed_AS:    6486736 kB
VmallocTotal:   34359738367 kB
VmallocUsed:      545188 kB
VmallocChunk:   34359187932 kB
HardwareCorrupted:     0 kB
AnonHugePages:   1499136 kB
CmaTotal:              0 kB
CmaFree:               0 kB
HugePages_Total:       0
HugePages_Free:        0
HugePages_Rsvd:        0
HugePages_Surp:        0
Hugepagesize:       2048 kB
DirectMap4k:      121596 kB
DirectMap2M:     3981312 kB


CPU:total 4 (2 cores per cpu, 2 threads per core) family 6 model 42 stepping 7, cmov, cx8, fxsr, mmx, sse, sse2, sse3, ssse3, sse4.1, sse4.2, popcnt, avx, aes, ht, tsc, tscinvbit

/proc/cpuinfo:
processor	: 0
vendor_id	: GenuineIntel
cpu family	: 6
model		: 42
model name	: Intel(R) Core(TM) i5-2520M CPU @ 2.50GHz
stepping	: 7
microcode	: 0x1a
cpu MHz		: 800.000
cache size	: 3072 KB
physical id	: 0
siblings	: 4
core id		: 0
cpu cores	: 2
apicid		: 0
initial apicid	: 0
fpu		: yes
fpu_exception	: yes
cpuid level	: 13
wp		: yes
flags		: fpu vme de pse tsc msr pae mce cx8 apic sep mtrr pge mca cmov pat pse36 clflush dts acpi mmx fxsr sse sse2 ss ht tm pbe syscall nx rdtscp lm constant_tsc arch_perfmon pebs bts rep_good nopl xtopology nonstop_tsc aperfmperf eagerfpu pni pclmulqdq dtes64 monitor ds_cpl vmx smx est tm2 ssse3 cx16 xtpr pdcm pcid sse4_1 sse4_2 x2apic popcnt tsc_deadline_timer aes xsave avx lahf_lm ida arat epb pln pts dtherm tpr_shadow vnmi flexpriority ept vpid xsaveopt
bugs		:
bogomips	: 4988.58
clflush size	: 64
cache_alignment	: 64
address sizes	: 36 bits physical, 48 bits virtual
power management:

processor	: 1
vendor_id	: GenuineIntel
cpu family	: 6
model		: 42
model name	: Intel(R) Core(TM) i5-2520M CPU @ 2.50GHz
stepping	: 7
microcode	: 0x1a
cpu MHz		: 876.464
cache size	: 3072 KB
physical id	: 0
siblings	: 4
core id		: 0
cpu cores	: 2
apicid		: 1
initial apicid	: 1
fpu		: yes
fpu_exception	: yes
cpuid level	: 13
wp		: yes
flags		: fpu vme de pse tsc msr pae mce cx8 apic sep mtrr pge mca cmov pat pse36 clflush dts acpi mmx fxsr sse sse2 ss ht tm pbe syscall nx rdtscp lm constant_tsc arch_perfmon pebs bts rep_good nopl xtopology nonstop_tsc aperfmperf eagerfpu pni pclmulqdq dtes64 monitor ds_cpl vmx smx est tm2 ssse3 cx16 xtpr pdcm pcid sse4_1 sse4_2 x2apic popcnt tsc_deadline_timer aes xsave avx lahf_lm ida arat epb pln pts dtherm tpr_shadow vnmi flexpriority ept vpid xsaveopt
bugs		:
bogomips	: 4988.58
clflush size	: 64
cache_alignment	: 64
address sizes	: 36 bits physical, 48 bits virtual
power management:

processor	: 2
vendor_id	: GenuineIntel
cpu family	: 6
model		: 42
model name	: Intel(R) Core(TM) i5-2520M CPU @ 2.50GHz
stepping	: 7
microcode	: 0x1a
cpu MHz		: 896.289
cache size	: 3072 KB
physical id	: 0
siblings	: 4
core id		: 1
cpu cores	: 2
apicid		: 2
initial apicid	: 2
fpu		: yes
fpu_exception	: yes
cpuid level	: 13
wp		: yes
flags		: fpu vme de pse tsc msr pae mce cx8 apic sep mtrr pge mca cmov pat pse36 clflush dts acpi mmx fxsr sse sse2 ss ht tm pbe syscall nx rdtscp lm constant_tsc arch_perfmon pebs bts rep_good nopl xtopology nonstop_tsc aperfmperf eagerfpu pni pclmulqdq dtes64 monitor ds_cpl vmx smx est tm2 ssse3 cx16 xtpr pdcm pcid sse4_1 sse4_2 x2apic popcnt tsc_deadline_timer aes xsave avx lahf_lm ida arat epb pln pts dtherm tpr_shadow vnmi flexpriority ept vpid xsaveopt
bugs		:
bogomips	: 4988.58
clflush size	: 64
cache_alignment	: 64
address sizes	: 36 bits physical, 48 bits virtual
power management:

processor	: 3
vendor_id	: GenuineIntel
cpu family	: 6
model		: 42
model name	: Intel(R) Core(TM) i5-2520M CPU @ 2.50GHz
stepping	: 7
microcode	: 0x1a
cpu MHz		: 812.011
cache size	: 3072 KB
physical id	: 0
siblings	: 4
core id		: 1
cpu cores	: 2
apicid		: 3
initial apicid	: 3
fpu		: yes
fpu_exception	: yes
cpuid level	: 13
wp		: yes
flags		: fpu vme de pse tsc msr pae mce cx8 apic sep mtrr pge mca cmov pat pse36 clflush dts acpi mmx fxsr sse sse2 ss ht tm pbe syscall nx rdtscp lm constant_tsc arch_perfmon pebs bts rep_good nopl xtopology nonstop_tsc aperfmperf eagerfpu pni pclmulqdq dtes64 monitor ds_cpl vmx smx est tm2 ssse3 cx16 xtpr pdcm pcid sse4_1 sse4_2 x2apic popcnt tsc_deadline_timer aes xsave avx lahf_lm ida arat epb pln pts dtherm tpr_shadow vnmi flexpriority ept vpid xsaveopt
bugs		:
bogomips	: 4988.58
clflush size	: 64
cache_alignment	: 64
address sizes	: 36 bits physical, 48 bits virtual
power management:



Memory: 4k page, physical 3954808k(105892k free), swap 0k(0k free)

vm_info: OpenJDK 64-Bit Server VM (24.91-b01) for linux-amd64 JRE (1.7.0_91-b02), built on Nov 19 2015 06:14:37 by "buildd" with gcc 4.8.2

time: Sun Oct 23 19:46:42 2016
elapsed time: 43 seconds

